[debug] [2024-02-27T16:43:04.313Z] ----------------------------------------------------------------------
[debug] [2024-02-27T16:43:04.318Z] Command:       /opt/homebrew/Cellar/node/20.5.1/bin/node /opt/homebrew/bin/firebase init hosting
[debug] [2024-02-27T16:43:04.318Z] CLI Version:   12.4.8
[debug] [2024-02-27T16:43:04.319Z] Platform:      darwin
[debug] [2024-02-27T16:43:04.319Z] Node Version:  v20.5.1
[debug] [2024-02-27T16:43:04.319Z] Time:          Tue Feb 27 2024 08:43:04 GMT-0800 (Pacific Standard Time)
[debug] [2024-02-27T16:43:04.319Z] ----------------------------------------------------------------------
[debug] 
[debug] [2024-02-27T16:43:04.321Z] > command requires scopes: ["email","openid","https://www.googleapis.com/auth/cloudplatformprojects.readonly","https://www.googleapis.com/auth/firebase","https://www.googleapis.com/auth/cloud-platform"]
[debug] [2024-02-27T16:43:04.322Z] > authorizing via signed-in user (practicingtechca@gmail.com)
[info] 
     ######## #### ########  ######## ########     ###     ######  ########
     ##        ##  ##     ## ##       ##     ##  ##   ##  ##       ##
     ######    ##  ########  ######   ########  #########  ######  ######
     ##        ##  ##    ##  ##       ##     ## ##     ##       ## ##
     ##       #### ##     ## ######## ########  ##     ##  ######  ########

You're about to initialize a Firebase project in this directory:

  /Users/eduardovalencia/Documents/Sterling College /2024/Feb - Mar/CS127 IT Management/Projects/Project1

[info] 
=== Project Setup
[info] 
[info] First, let's associate this project directory with a Firebase project.
[info] You can create multiple project aliases by running firebase use --add, 
[info] but for now we'll just set up a default project.
[info] 
[debug] [2024-02-27T16:43:07.905Z] >>> [apiv2][query] GET https://firebase.googleapis.com/v1beta1/projects pageSize=100
[debug] [2024-02-27T16:43:08.313Z] <<< [apiv2][status] GET https://firebase.googleapis.com/v1beta1/projects 200
[debug] [2024-02-27T16:43:08.313Z] <<< [apiv2][body] GET https://firebase.googleapis.com/v1beta1/projects [omitted]
[info] i  Using project sterling-it-management (Sterling-it-management) 
[info] 
=== Hosting Setup
[info] 
[info] Your public directory is the folder (relative to your project directory) that
[info] will contain Hosting assets to be uploaded with firebase deploy. If you
[info] have a build process for your assets, use your build's output directory.
[info] 
